Arguments: 
  /Users/kimlesieur/.nvm/versions/node/v16.18.1/bin/node /Users/kimlesieur/.yarn/releases/yarn-1.22.11.cjs add -D jest

PATH: 
  /Users/kimlesieur/.nvm/versions/node/v16.18.1/bin:/Users/kimlesieur/.gem/ruby/2.7.5/bin:/Users/kimlesieur/.rubies/ruby-2.7.5/lib/ruby/gems/2.7.0/bin:/Users/kimlesieur/.rubies/ruby-2.7.5/bin:/usr/local/bin:/usr/bin:/bin:/usr/sbin:/sbin:/usr/local/share/dotnet:~/.dotnet/tools:/Library/Apple/usr/bin:/usr/local/bin:/Users/kimlesieur/Library/Android/sdk/emulator:/Users/kimlesieur/Library/Android/sdk/platform-tools:/usr/local/share/dotnet/sdk/7.0.100/:/Library/PostgreSQL/15/bin/

Yarn version: 
  1.22.11

Node version: 
  16.18.1

Platform: 
  darwin x64

Trace: 
  Error: ENOENT: no such file or directory, copyfile '/Users/kimlesieur/Library/Caches/Yarn/v6/npm-estraverse-4.3.0-398ad3f3c5a24948be7725e83d11a7de28cdbd1d-integrity/node_modules/estraverse/estraverse.js' -> '/Users/kimlesieur/Documents/WildCodeSchool/Generic-Forms-Project/Generic-Forms-Github-Repo/server/node_modules/@typescript-eslint/utils/node_modules/estraverse/estraverse.js'

npm manifest: 
  {
    "name": "generic-forms-server",
    "version": "1.0.0",
    "description": "generic forms project for wcs",
    "main": "index.ts",
    "scripts": {
      "start": "ts-node-dev --watch --poll --respawn src/index.ts",
      "test": "npx jest --config ./jest.config.js --watchAll",
      "startWithTest": "npm start && npm run test",
      "localStart": "ts-node-dev src/index.ts --local"
    },
    "author": "kim",
    "license": "ISC",
    "dependencies": {
      "apollo-server": "^3.11.1",
      "apollo-server-core": "^3.11.1",
      "bcrypt": "^5.1.0",
      "body-parser": "^1.20.1",
      "class-validator": "^0.14.0",
      "cors": "^2.8.5",
      "dotenv": "^16.0.3",
      "express": "^4.18.2",
      "graphql": "^15.8.0",
      "jsonwebtoken": "^9.0.0",
      "pg": "^8.8.0",
      "reflect-metadata": "^0.1.13",
      "type-graphql": "^1.1.1",
      "typeorm": "^0.3.10"
    },
    "devDependencies": {
      "@types/bcrypt": "^5.0.0",
      "@types/cors": "^2.8.12",
      "@types/express": "^4.17.14",
      "@types/jsonwebtoken": "^9.0.1",
      "@types/morgan": "^1.9.3",
      "@types/node": "^18.11.9",
      "@typescript-eslint/eslint-plugin": "^5.36.1",
      "eslint": "^8.23.0",
      "eslint-config-prettier": "^8.5.0",
      "eslint-config-standard-with-typescript": "^22.0.0",
      "eslint-plugin-import": "^2.26.0",
      "eslint-plugin-n": "^15.2.5",
      "eslint-plugin-promise": "^6.0.1",
      "morgan": "^1.10.0",
      "nodemon": "^2.0.20",
      "ts-node-dev": "^2.0.0",
      "typescript": "^4.8.2"
    }
  }

yarn manifest: 
  No manifest

Lockfile: 
  No lockfile
